<?xml version="1.0" encoding="UTF-8"?>
<!-- Generated by org.testng.reporters.JUnitReportReporter -->
<testsuite ignored="0" hostname="LAPTOP-HFGQSN9L" failures="0" tests="5" name="assesment.Login" time="5.992" errors="0" timestamp="31 Jan 2022 19:38:50 GMT" skipped="0">
  <testcase classname="assesment.Login" name="login" time="1.642"/>
  <testcase classname="assesment.Login" name="Validation" time="0.008"/>
  <testcase classname="assesment.Login" name="Validation2" time="0.024"/>
  <testcase classname="assesment.Login" name="login" time="4.295"/>
  <testcase classname="assesment.Login" name="Validation3" time="0.023"/>
</testsuite> <!-- assesment.Login -->
