<?xml version="1.0" encoding="UTF-8"?>
<!-- Generated by org.testng.reporters.JUnitReportReporter -->
<testsuite hostname="LAPTOP-HFGQSN9L" failures="0" tests="2" name="assesment.project" time="12.587" errors="0" timestamp="2022-01-29T22:50:54 SAST" skipped="0">
  <testcase classname="assesment.project" name="login" time="7.632"/>
  <system-out/>
  <testcase classname="assesment.project" name="add" time="4.955"/>
  <system-out/>
</testsuite> <!-- assesment.project -->
