<?xml version="1.0" encoding="UTF-8"?>
<!-- Generated by org.testng.reporters.JUnitReportReporter -->
<testsuite ignored="0" hostname="LAPTOP-HFGQSN9L" failures="0" tests="2" name="assesment.AddUser" time="6.325" errors="0" timestamp="31 Jan 2022 19:38:50 GMT" skipped="0">
  <testcase classname="assesment.AddUser" name="add" time="4.359"/>
  <testcase classname="assesment.AddUser" name="NavigateToAdminSection" time="1.966"/>
</testsuite> <!-- assesment.AddUser -->
